<?xml version="1.0" encoding="UTF-8"?>
<testng-results ignored="0" total="1" passed="0" failed="1" skipped="0">
  <reporter-output>
  </reporter-output>
  <suite started-at="2024-07-09T14:54:55 IST" name="Suite" finished-at="2024-07-09T14:55:06 IST" duration-ms="11151">
    <groups>
    </groups>
    <test started-at="2024-07-09T14:54:55 IST" name="Test" finished-at="2024-07-09T14:55:06 IST" duration-ms="11151">
      <class name="org.stockwell.tests.LoginTest">
        <test-method is-config="true" signature="beforeMethod(java.lang.String,java.lang.String)[pri:0, instance:org.stockwell.tests.LoginTest@72f926e6]" started-at="2024-07-09T14:54:55 IST" name="beforeMethod" finished-at="2024-07-09T14:54:57 IST" duration-ms="2427" status="PASS">
          <params>
            <param index="0">
              <value>
                <![CDATA[staging]]>
              </value>
            </param>
            <param index="1">
              <value>
                <![CDATA[Chrome]]>
              </value>
            </param>
          </params>
          <reporter-output>
          </reporter-output>
        </test-method> <!-- beforeMethod -->
        <test-method signature="verifyLoginPageAsSuperUser()[pri:0, instance:org.stockwell.tests.LoginTest@72f926e6]" started-at="2024-07-09T14:54:57 IST" name="verifyLoginPageAsSuperUser" finished-at="2024-07-09T14:55:06 IST" duration-ms="8507" status="FAIL">
          <exception class="java.lang.AssertionError">
            <message>
              <![CDATA[Failed due to java.lang.NullPointerException: Cannot invoke "com.aventstack.extentreports.ExtentTest.log(com.aventstack.extentreports.Status, String)" because the return value of "org.stockwell.reportsetup.ExtFactory.getExtent()" is null could not capture the screenshot due to java.lang.ArrayIndexOutOfBoundsException: Index 1 out of bounds for length 1]]>
            </message>
            <full-stacktrace>
              <![CDATA[java.lang.AssertionError: Failed due to java.lang.NullPointerException: Cannot invoke "com.aventstack.extentreports.ExtentTest.log(com.aventstack.extentreports.Status, String)" because the return value of "org.stockwell.reportsetup.ExtFactory.getExtent()" is null could not capture the screenshot due to java.lang.ArrayIndexOutOfBoundsException: Index 1 out of bounds for length 1
at org.testng.Assert.fail(Assert.java:99)
at org.stockwell.tests.TestInfra.failWithScreenShot(TestInfra.java:65)
at org.stockwell.tests.LoginTest.verifyLoginPageAsSuperUser(LoginTest.java:32)
at java.base/jdk.internal.reflect.NativeMethodAccessorImpl.invoke0(Native Method)
at java.base/jdk.internal.reflect.NativeMethodAccessorImpl.invoke(NativeMethodAccessorImpl.java:77)
at java.base/jdk.internal.reflect.DelegatingMethodAccessorImpl.invoke(DelegatingMethodAccessorImpl.java:43)
at java.base/java.lang.reflect.Method.invoke(Method.java:568)
at org.testng.internal.MethodInvocationHelper.invokeMethod(MethodInvocationHelper.java:133)
at org.testng.internal.TestInvoker.invokeMethod(TestInvoker.java:598)
at org.testng.internal.TestInvoker.invokeTestMethod(TestInvoker.java:173)
at org.testng.internal.MethodRunner.runInSequence(MethodRunner.java:46)
at org.testng.internal.TestInvoker$MethodInvocationAgent.invoke(TestInvoker.java:824)
at org.testng.internal.TestInvoker.invokeTestMethods(TestInvoker.java:146)
at org.testng.internal.TestMethodWorker.invokeTestMethods(TestMethodWorker.java:146)
at org.testng.internal.TestMethodWorker.run(TestMethodWorker.java:128)
at java.base/java.util.concurrent.ThreadPoolExecutor.runWorker(ThreadPoolExecutor.java:1136)
at java.base/java.util.concurrent.ThreadPoolExecutor$Worker.run(ThreadPoolExecutor.java:635)
at java.base/java.lang.Thread.run(Thread.java:840)
]]>
            </full-stacktrace>
          </exception> <!-- java.lang.AssertionError -->
          <reporter-output>
          </reporter-output>
        </test-method> <!-- verifyLoginPageAsSuperUser -->
        <test-method is-config="true" signature="afterMethod()[pri:0, instance:org.stockwell.tests.LoginTest@72f926e6]" started-at="2024-07-09T14:55:06 IST" name="afterMethod" finished-at="2024-07-09T14:55:06 IST" duration-ms="175" status="PASS">
          <reporter-output>
          </reporter-output>
        </test-method> <!-- afterMethod -->
      </class> <!-- org.stockwell.tests.LoginTest -->
    </test> <!-- Test -->
  </suite> <!-- Suite -->
</testng-results>
